<?xml version="1.0" encoding="UTF-8"?>
<!-- Generated by org.testng.reporters.JUnitReportReporter -->
<testsuite hostname="apples-MacBook-Air-3.local" failures="0" tests="3" name="com.adap.googletest.TestGooglePageScenarioTwo" time="5.557" errors="0" timestamp="20 Jan 2019 17:28:50 GMT">
  <testcase classname="com.adap.googletest.TestGooglePageScenarioTwo" name="testGooglePageTitle" time="0.021"/>
  <testcase classname="com.adap.googletest.TestGooglePageScenarioTwo" name="validateSearchResult" time="5.102"/>
  <testcase classname="com.adap.googletest.TestGooglePageScenarioTwo" name="ValidateStringPresenceinURL" time="0.434"/>
</testsuite> <!-- com.adap.googletest.TestGooglePageScenarioTwo -->
