<?xml version="1.0" encoding="UTF-8"?>
<!-- Generated by org.testng.reporters.JUnitReportReporter -->
<testsuite hostname="apples-MacBook-Air-3.local" failures="0" tests="3" name="com.adap.googletest.TestGooglePage" time="59.214" errors="0" timestamp="20 Jan 2019 17:30:21 GMT">
  <testcase classname="com.adap.googletest.TestGooglePage" name="validateSearchResult" time="3.772"/>
  <testcase classname="com.adap.googletest.TestGooglePage" name="validateUrl" time="55.425"/>
  <testcase classname="com.adap.googletest.TestGooglePage" name="testGooglePageTitle" time="0.017"/>
</testsuite> <!-- com.adap.googletest.TestGooglePage -->
